<?xml version="1.0" encoding="UTF-8"?>
<testng-results skipped="0" failed="0" total="1" passed="1">
  <reporter-output>
  </reporter-output>
  <suite name="Default suite" duration-ms="3176" started-at="2020-08-14T03:44:52Z" finished-at="2020-08-14T03:44:55Z">
    <groups>
    </groups>
    <test name="Default test" duration-ms="3176" started-at="2020-08-14T03:44:52Z" finished-at="2020-08-14T03:44:55Z">
      <class name="libraryAPI.AddBookWithHashMap">
        <test-method status="PASS" signature="addBook()[pri:0, instance:libraryAPI.AddBookWithHashMap@cc285f4]" name="addBook" duration-ms="3157" started-at="2020-08-14T09:14:52Z" finished-at="2020-08-14T09:14:55Z">
          <reporter-output>
          </reporter-output>
        </test-method> <!-- addBook -->
      </class> <!-- libraryAPI.AddBookWithHashMap -->
    </test> <!-- Default test -->
  </suite> <!-- Default suite -->
</testng-results>
